# JRE version: 7.0_17-b02
# Java VM: Java HotSpot(TM) Server VM (23.7-b01 mixed mode windows-x86 )
Heap
 PSYoungGen      total 40448K, used 40432K [0x349c0000, 0x37300000, 0x449c0000)
  eden space 40384K, 100% used [0x349c0000,0x37130000,0x37130000)
  from space 64K, 75% used [0x372e0000,0x372ec000,0x372f0000)
  to   space 64K, 0% used [0x372f0000,0x372f0000,0x37300000)
 ParOldGen       total 310784K, used 270243K [0x149c0000, 0x27940000, 0x349c0000)
  object space 310784K, 86% used [0x149c0000,0x251a8ee0,0x27940000)
 PSPermGen       total 103808K, used 86335K [0x049c0000, 0x0af20000, 0x149c0000)
  object space 103808K, 83% used [0x049c0000,0x09e0ff30,0x0af20000)
GC Heap History (10 events):
Event: 31679.486 GC heap before
{Heap before GC invocations=266 (full 5):
 PSYoungGen      total 40576K, used 40528K [0x349c0000, 0x37300000, 0x449c0000)
  eden space 40512K, 100% used [0x349c0000,0x37150000,0x37150000)
  from space 64K, 25% used [0x372f0000,0x372f4000,0x37300000)
  to   space 64K, 0% used [0x372e0000,0x372e0000,0x372f0000)
 ParOldGen       total 310784K, used 270243K [0x149c0000, 0x27940000, 0x349c0000)
  object space 310784K, 86% used [0x149c0000,0x251a8ee0,0x27940000)
 PSPermGen       total 103808K, used 86334K [0x049c0000, 0x0af20000, 0x149c0000)
  object space 103808K, 83% used [0x049c0000,0x09e0f870,0x0af20000)
Event: 31679.492 GC heap after
Heap after GC invocations=266 (full 5):
 PSYoungGen      total 39808K, used 16K [0x349c0000, 0x37300000, 0x449c0000)
  eden space 39744K, 0% used [0x349c0000,0x349c0000,0x37090000)
  from space 64K, 25% used [0x372e0000,0x372e4000,0x372f0000)
  to   space 64K, 0% used [0x372f0000,0x372f0000,0x37300000)
 ParOldGen       total 310784K, used 270243K [0x149c0000, 0x27940000, 0x349c0000)
  object space 310784K, 86% used [0x149c0000,0x251a8ee0,0x27940000)
 PSPermGen       total 103808K, used 86334K [0x049c0000, 0x0af20000, 0x149c0000)
  object space 103808K, 83% used [0x049c0000,0x09e0f870,0x0af20000)
}
Event: 31801.296 GC heap before
{Heap before GC invocations=267 (full 5):
 PSYoungGen      total 39808K, used 39760K [0x349c0000, 0x37300000, 0x449c0000)
  eden space 39744K, 100% used [0x349c0000,0x37090000,0x37090000)
  from space 64K, 25% used [0x372e0000,0x372e4000,0x372f0000)
  to   space 64K, 0% used [0x372f0000,0x372f0000,0x37300000)
 ParOldGen       total 310784K, used 270243K [0x149c0000, 0x27940000, 0x349c0000)
  object space 310784K, 86% used [0x149c0000,0x251a8ee0,0x27940000)
 PSPermGen       total 103808K, used 86334K [0x049c0000, 0x0af20000, 0x149c0000)
  object space 103808K, 83% used [0x049c0000,0x09e0f870,0x0af20000)
Event: 31801.304 GC heap after
Heap after GC invocations=267 (full 5):
 PSYoungGen      total 39104K, used 16K [0x349c0000, 0x37300000, 0x449c0000)
  eden space 39040K, 0% used [0x349c0000,0x349c0000,0x36fe0000)
  from space 64K, 25% used [0x372f0000,0x372f4000,0x37300000)
  to   space 64K, 0% used [0x372e0000,0x372e0000,0x372f0000)
 ParOldGen       total 310784K, used 270243K [0x149c0000, 0x27940000, 0x349c0000)
  object space 310784K, 86% used [0x149c0000,0x251a8ee0,0x27940000)
 PSPermGen       total 103808K, used 86334K [0x049c0000, 0x0af20000, 0x149c0000)
  object space 103808K, 83% used [0x049c0000,0x09e0f870,0x0af20000)
}
Event: 31922.186 GC heap before
{Heap before GC invocations=268 (full 5):
 PSYoungGen      total 39104K, used 39056K [0x349c0000, 0x37300000, 0x449c0000)
  eden space 39040K, 100% used [0x349c0000,0x36fe0000,0x36fe0000)
  from space 64K, 25% used [0x372f0000,0x372f4000,0x37300000)
  to   space 64K, 0% used [0x372e0000,0x372e0000,0x372f0000)
 ParOldGen       total 310784K, used 270243K [0x149c0000, 0x27940000, 0x349c0000)
  object space 310784K, 86% used [0x149c0000,0x251a8ee0,0x27940000)
 PSPermGen       total 103808K, used 86334K [0x049c0000, 0x0af20000, 0x149c0000)
  object space 103808K, 83% used [0x049c0000,0x09e0f870,0x0af20000)
Event: 31922.193 GC heap after
Heap after GC invocations=268 (full 5):
 PSYoungGen      total 38400K, used 16K [0x349c0000, 0x37300000, 0x449c0000)
  eden space 38336K, 0% used [0x349c0000,0x349c0000,0x36f30000)
  from space 64K, 25% used [0x372e0000,0x372e4000,0x372f0000)
  to   space 64K, 0% used [0x372f0000,0x372f0000,0x37300000)
 ParOldGen       total 310784K, used 270243K [0x149c0000, 0x27940000, 0x349c0000)
  object space 310784K, 86% used [0x149c0000,0x251a8ee0,0x27940000)
 PSPermGen       total 103808K, used 86334K [0x049c0000, 0x0af20000, 0x149c0000)
  object space 103808K, 83% used [0x049c0000,0x09e0f870,0x0af20000)
}
Event: 32042.447 GC heap before
{Heap before GC invocations=269 (full 5):
 PSYoungGen      total 38400K, used 38352K [0x349c0000, 0x37300000, 0x449c0000)
  eden space 38336K, 100% used [0x349c0000,0x36f30000,0x36f30000)
  from space 64K, 25% used [0x372e0000,0x372e4000,0x372f0000)
  to   space 64K, 0% used [0x372f0000,0x372f0000,0x37300000)
 ParOldGen       total 310784K, used 270243K [0x149c0000, 0x27940000, 0x349c0000)
  object space 310784K, 86% used [0x149c0000,0x251a8ee0,0x27940000)
 PSPermGen       total 103808K, used 86334K [0x049c0000, 0x0af20000, 0x149c0000)
  object space 103808K, 83% used [0x049c0000,0x09e0f870,0x0af20000)
Event: 32042.454 GC heap after
Heap after GC invocations=269 (full 5):
 PSYoungGen      total 37696K, used 16K [0x349c0000, 0x37300000, 0x449c0000)
  eden space 37632K, 0% used [0x349c0000,0x349c0000,0x36e80000)
  from space 64K, 25% used [0x372f0000,0x372f4000,0x37300000)
  to   space 64K, 0% used [0x372e0000,0x372e0000,0x372f0000)
 ParOldGen       total 310784K, used 270243K [0x149c0000, 0x27940000, 0x349c0000)
  object space 310784K, 86% used [0x149c0000,0x251a8ee0,0x27940000)
 PSPermGen       total 103808K, used 86334K [0x049c0000, 0x0af20000, 0x149c0000)
  object space 103808K, 83% used [0x049c0000,0x09e0f870,0x0af20000)
}
Event: 32200.405 GC heap before
{Heap before GC invocations=270 (full 5):
 PSYoungGen      total 37696K, used 37648K [0x349c0000, 0x37300000, 0x449c0000)
  eden space 37632K, 100% used [0x349c0000,0x36e80000,0x36e80000)
  from space 64K, 25% used [0x372f0000,0x372f4000,0x37300000)
  to   space 64K, 0% used [0x372e0000,0x372e0000,0x372f0000)
 ParOldGen       total 310784K, used 270243K [0x149c0000, 0x27940000, 0x349c0000)
  object space 310784K, 86% used [0x149c0000,0x251a8ee0,0x27940000)
 PSPermGen       total 103808K, used 86334K [0x049c0000, 0x0af20000, 0x149c0000)
  object space 103808K, 83% used [0x049c0000,0x09e0f870,0x0af20000)
Event: 32215.502 GC heap after
Heap after GC invocations=270 (full 5):
 PSYoungGen      total 40448K, used 48K [0x349c0000, 0x37300000, 0x449c0000)
  eden space 40384K, 0% used [0x349c0000,0x349c0000,0x37130000)
  from space 64K, 75% used [0x372e0000,0x372ec000,0x372f0000)
  to   space 64K, 0% used [0x372f0000,0x372f0000,0x37300000)
 ParOldGen       total 310784K, used 270243K [0x149c0000, 0x27940000, 0x349c0000)
  object space 310784K, 86% used [0x149c0000,0x251a8ee0,0x27940000)
 PSPermGen       total 103808K, used 86334K [0x049c0000, 0x0af20000, 0x149c0000)
  object space 103808K, 83% used [0x049c0000,0x09e0f870,0x0af20000)
}

